2021-05-12 23:13:11,739 INFO o.a.j.u.JMeterUtils: Setting Locale to en_EN
2021-05-12 23:13:11,753 INFO o.a.j.JMeter: Loading user properties from: C:\Users\ching\eclipse-workspace\RestAssuredForApiTesting\src\test\resources\apache-jmeter-5.4.1\bin\user.properties
2021-05-12 23:13:11,753 INFO o.a.j.JMeter: Loading system properties from: C:\Users\ching\eclipse-workspace\RestAssuredForApiTesting\src\test\resources\apache-jmeter-5.4.1\bin\system.properties
2021-05-12 23:13:11,758 INFO o.a.j.JMeter: Copyright (c) 1998-2021 The Apache Software Foundation
2021-05-12 23:13:11,758 INFO o.a.j.JMeter: Version 5.4.1
2021-05-12 23:13:11,758 INFO o.a.j.JMeter: java.version=15.0.2
2021-05-12 23:13:11,758 INFO o.a.j.JMeter: java.vm.name=OpenJDK 64-Bit Server VM
2021-05-12 23:13:11,758 INFO o.a.j.JMeter: os.name=Windows 10
2021-05-12 23:13:11,758 INFO o.a.j.JMeter: os.arch=amd64
2021-05-12 23:13:11,758 INFO o.a.j.JMeter: os.version=10.0
2021-05-12 23:13:11,758 INFO o.a.j.JMeter: file.encoding=MS950
2021-05-12 23:13:11,758 INFO o.a.j.JMeter: java.awt.headless=true
2021-05-12 23:13:11,758 INFO o.a.j.JMeter: Max memory     =1073741824
2021-05-12 23:13:11,758 INFO o.a.j.JMeter: Available Processors =12
2021-05-12 23:13:11,765 INFO o.a.j.JMeter: Default Locale=English (EN)
2021-05-12 23:13:11,766 INFO o.a.j.JMeter: JMeter  Locale=English (EN)
2021-05-12 23:13:11,766 INFO o.a.j.JMeter: JMeterHome=C:\Users\ching\eclipse-workspace\RestAssuredForApiTesting\src\test\resources\apache-jmeter-5.4.1
2021-05-12 23:13:11,766 INFO o.a.j.JMeter: user.dir  =C:\Users\ching\eclipse-workspace\RestAssuredForApiTesting
2021-05-12 23:13:11,766 INFO o.a.j.JMeter: PWD       =C:\Users\ching\eclipse-workspace\RestAssuredForApiTesting
2021-05-12 23:13:11,766 INFO o.a.j.JMeter: IP: 192.168.0.170 Name: LAPTOP-MH4500H2 FullName: LAPTOP-MH4500H2
2021-05-12 23:13:11,771 INFO o.a.j.s.FileServer: Default base='C:\Users\ching\eclipse-workspace\RestAssuredForApiTesting'
2021-05-12 23:13:11,771 INFO o.a.j.s.FileServer: Set new base='C:\Users\ching\eclipse-workspace\RestAssuredForApiTesting\src\test\resources\apache-jmeter-5.4.1\bin'
2021-05-12 23:13:11,880 INFO o.a.j.s.SaveService: Testplan (JMX) version: 2.2. Testlog (JTL) version: 2.2
2021-05-12 23:13:11,895 INFO o.a.j.s.SaveService: Using SaveService properties version 5.0
2021-05-12 23:13:11,897 INFO o.a.j.s.SaveService: Using SaveService properties file encoding UTF-8
2021-05-12 23:13:11,899 INFO o.a.j.s.SaveService: Loading file: C:\Users\ching\eclipse-workspace\RestAssuredForApiTesting\src\test\resources\apache-jmeter-5.4.1\bin\weather.jmx
2021-05-12 23:13:11,926 INFO o.a.j.p.h.s.HTTPSamplerBase: Parser for text/html is org.apache.jmeter.protocol.http.parser.LagartoBasedHtmlParser
2021-05-12 23:13:11,926 INFO o.a.j.p.h.s.HTTPSamplerBase: Parser for application/xhtml+xml is org.apache.jmeter.protocol.http.parser.LagartoBasedHtmlParser
2021-05-12 23:13:11,926 INFO o.a.j.p.h.s.HTTPSamplerBase: Parser for application/xml is org.apache.jmeter.protocol.http.parser.LagartoBasedHtmlParser
2021-05-12 23:13:11,926 INFO o.a.j.p.h.s.HTTPSamplerBase: Parser for text/xml is org.apache.jmeter.protocol.http.parser.LagartoBasedHtmlParser
2021-05-12 23:13:11,926 INFO o.a.j.p.h.s.HTTPSamplerBase: Parser for text/vnd.wap.wml is org.apache.jmeter.protocol.http.parser.RegexpHTMLParser
2021-05-12 23:13:11,926 INFO o.a.j.p.h.s.HTTPSamplerBase: Parser for text/css is org.apache.jmeter.protocol.http.parser.CssParser
2021-05-12 23:13:11,938 INFO o.a.j.JMeter: Creating summariser <summary>
2021-05-12 23:13:11,941 INFO o.a.j.e.StandardJMeterEngine: Running the test!
2021-05-12 23:13:11,942 INFO o.a.j.s.SampleEvent: List of sample_variables: []
2021-05-12 23:13:11,942 INFO o.a.j.s.SampleEvent: List of sample_variables: []
2021-05-12 23:13:11,944 INFO o.a.j.e.u.CompoundVariable: Note: Function class names must contain the string: '.functions.'
2021-05-12 23:13:11,944 INFO o.a.j.e.u.CompoundVariable: Note: Function class names must not contain the string: '.gui.'
2021-05-12 23:13:11,984 INFO o.a.j.JMeter: Running test (1620832391984)
2021-05-12 23:13:11,995 INFO o.a.j.e.StandardJMeterEngine: Starting ThreadGroup: 1 : Thread Group
2021-05-12 23:13:11,996 INFO o.a.j.e.StandardJMeterEngine: Starting 30 threads for group Thread Group.
2021-05-12 23:13:11,996 INFO o.a.j.e.StandardJMeterEngine: Thread will continue on error
2021-05-12 23:13:11,996 INFO o.a.j.t.ThreadGroup: Starting thread group... number=1 threads=30 ramp-up=1 delayedStart=false
2021-05-12 23:13:12,001 INFO o.a.j.t.JMeterThread: Thread started: Thread Group 1-1
2021-05-12 23:13:12,006 INFO o.a.j.t.ThreadGroup: Started thread group number 1
2021-05-12 23:13:12,007 INFO o.a.j.e.StandardJMeterEngine: All thread groups have been started
2021-05-12 23:13:12,015 INFO o.a.j.p.h.s.HTTPHCAbstractImpl: Local host = LAPTOP-MH4500H2
2021-05-12 23:13:12,021 INFO o.a.j.p.h.s.HTTPHC4Impl: HTTP request retry count = 0
2021-05-12 23:13:12,022 INFO o.a.j.s.SampleResult: Note: Sample TimeStamps are START times
2021-05-12 23:13:12,022 INFO o.a.j.s.SampleResult: sampleresult.default.encoding is set to ISO-8859-1
2021-05-12 23:13:12,022 INFO o.a.j.s.SampleResult: sampleresult.useNanoTime=true
2021-05-12 23:13:12,022 INFO o.a.j.s.SampleResult: sampleresult.nanoThreadSleep=5000
2021-05-12 23:13:12,032 INFO o.a.j.t.JMeterThread: Thread started: Thread Group 1-2
2021-05-12 23:13:12,065 INFO o.a.j.t.JMeterThread: Thread started: Thread Group 1-3
2021-05-12 23:13:12,097 INFO o.a.j.t.JMeterThread: Thread started: Thread Group 1-4
2021-05-12 23:13:12,129 INFO o.a.j.t.JMeterThread: Thread started: Thread Group 1-5
2021-05-12 23:13:12,160 INFO o.a.j.p.h.s.h.LazyLayeredConnectionSocketFactory: Setting up HTTPS TrustAll Socket Factory
2021-05-12 23:13:12,163 INFO o.a.j.t.JMeterThread: Thread started: Thread Group 1-6
2021-05-12 23:13:12,165 INFO o.a.j.u.JsseSSLManager: Using default SSL protocol: TLS
2021-05-12 23:13:12,165 INFO o.a.j.u.JsseSSLManager: SSL session context: per-thread
2021-05-12 23:13:12,196 INFO o.a.j.t.JMeterThread: Thread started: Thread Group 1-7
2021-05-12 23:13:12,228 INFO o.a.j.t.JMeterThread: Thread started: Thread Group 1-8
2021-05-12 23:13:12,250 INFO o.a.j.u.SSLManager: JmeterKeyStore Location:  type JKS
2021-05-12 23:13:12,254 INFO o.a.j.u.SSLManager: KeyStore created OK
2021-05-12 23:13:12,254 WARN o.a.j.u.SSLManager: Keystore file not found, loading empty keystore
2021-05-12 23:13:12,262 INFO o.a.j.t.JMeterThread: Thread started: Thread Group 1-9
2021-05-12 23:13:12,295 INFO o.a.j.t.JMeterThread: Thread started: Thread Group 1-10
2021-05-12 23:13:12,328 INFO o.a.j.t.JMeterThread: Thread started: Thread Group 1-11
2021-05-12 23:13:12,367 INFO o.a.j.t.JMeterThread: Thread started: Thread Group 1-12
2021-05-12 23:13:12,394 INFO o.a.j.t.JMeterThread: Thread started: Thread Group 1-13
2021-05-12 23:13:12,427 INFO o.a.j.t.JMeterThread: Thread started: Thread Group 1-14
2021-05-12 23:13:12,460 INFO o.a.j.t.JMeterThread: Thread started: Thread Group 1-15
2021-05-12 23:13:12,508 INFO o.a.j.t.JMeterThread: Thread started: Thread Group 1-16
2021-05-12 23:13:12,526 INFO o.a.j.t.JMeterThread: Thread started: Thread Group 1-17
2021-05-12 23:13:12,562 INFO o.a.j.t.JMeterThread: Thread started: Thread Group 1-18
2021-05-12 23:13:12,593 INFO o.a.j.t.JMeterThread: Thread started: Thread Group 1-19
2021-05-12 23:13:12,617 INFO o.a.j.t.JMeterThread: Thread is done: Thread Group 1-13
2021-05-12 23:13:12,617 INFO o.a.j.t.JMeterThread: Thread finished: Thread Group 1-13
2021-05-12 23:13:12,618 INFO o.a.j.t.JMeterThread: Thread is done: Thread Group 1-4
2021-05-12 23:13:12,618 INFO o.a.j.t.JMeterThread: Thread is done: Thread Group 1-1
2021-05-12 23:13:12,618 INFO o.a.j.t.JMeterThread: Thread is done: Thread Group 1-8
2021-05-12 23:13:12,618 INFO o.a.j.t.JMeterThread: Thread is done: Thread Group 1-11
2021-05-12 23:13:12,618 INFO o.a.j.t.JMeterThread: Thread finished: Thread Group 1-4
2021-05-12 23:13:12,618 INFO o.a.j.t.JMeterThread: Thread finished: Thread Group 1-1
2021-05-12 23:13:12,618 INFO o.a.j.t.JMeterThread: Thread finished: Thread Group 1-8
2021-05-12 23:13:12,618 INFO o.a.j.t.JMeterThread: Thread finished: Thread Group 1-11
2021-05-12 23:13:12,620 INFO o.a.j.t.JMeterThread: Thread is done: Thread Group 1-9
2021-05-12 23:13:12,620 INFO o.a.j.t.JMeterThread: Thread is done: Thread Group 1-3
2021-05-12 23:13:12,620 INFO o.a.j.t.JMeterThread: Thread finished: Thread Group 1-3
2021-05-12 23:13:12,620 INFO o.a.j.t.JMeterThread: Thread finished: Thread Group 1-9
2021-05-12 23:13:12,624 INFO o.a.j.t.JMeterThread: Thread is done: Thread Group 1-2
2021-05-12 23:13:12,624 INFO o.a.j.t.JMeterThread: Thread is done: Thread Group 1-10
2021-05-12 23:13:12,624 INFO o.a.j.t.JMeterThread: Thread finished: Thread Group 1-2
2021-05-12 23:13:12,625 INFO o.a.j.t.JMeterThread: Thread finished: Thread Group 1-10
2021-05-12 23:13:12,625 INFO o.a.j.t.JMeterThread: Thread is done: Thread Group 1-7
2021-05-12 23:13:12,625 INFO o.a.j.t.JMeterThread: Thread finished: Thread Group 1-7
2021-05-12 23:13:12,626 INFO o.a.j.t.JMeterThread: Thread started: Thread Group 1-20
2021-05-12 23:13:12,629 INFO o.a.j.t.JMeterThread: Thread is done: Thread Group 1-5
2021-05-12 23:13:12,629 INFO o.a.j.t.JMeterThread: Thread is done: Thread Group 1-12
2021-05-12 23:13:12,629 INFO o.a.j.t.JMeterThread: Thread is done: Thread Group 1-6
2021-05-12 23:13:12,629 INFO o.a.j.t.JMeterThread: Thread finished: Thread Group 1-5
2021-05-12 23:13:12,629 INFO o.a.j.t.JMeterThread: Thread finished: Thread Group 1-12
2021-05-12 23:13:12,629 INFO o.a.j.t.JMeterThread: Thread finished: Thread Group 1-6
2021-05-12 23:13:12,630 INFO o.a.j.t.JMeterThread: Thread is done: Thread Group 1-14
2021-05-12 23:13:12,630 INFO o.a.j.t.JMeterThread: Thread finished: Thread Group 1-14
2021-05-12 23:13:12,650 INFO o.a.j.t.JMeterThread: Thread is done: Thread Group 1-15
2021-05-12 23:13:12,650 INFO o.a.j.t.JMeterThread: Thread finished: Thread Group 1-15
2021-05-12 23:13:12,659 INFO o.a.j.t.JMeterThread: Thread started: Thread Group 1-21
2021-05-12 23:13:12,673 INFO o.a.j.t.JMeterThread: Thread is done: Thread Group 1-17
2021-05-12 23:13:12,674 INFO o.a.j.t.JMeterThread: Thread finished: Thread Group 1-17
2021-05-12 23:13:12,687 INFO o.a.j.t.JMeterThread: Thread is done: Thread Group 1-16
2021-05-12 23:13:12,687 INFO o.a.j.t.JMeterThread: Thread finished: Thread Group 1-16
2021-05-12 23:13:12,691 INFO o.a.j.t.JMeterThread: Thread started: Thread Group 1-22
2021-05-12 23:13:12,695 INFO o.a.j.t.JMeterThread: Thread is done: Thread Group 1-18
2021-05-12 23:13:12,695 INFO o.a.j.t.JMeterThread: Thread finished: Thread Group 1-18
2021-05-12 23:13:12,724 INFO o.a.j.t.JMeterThread: Thread started: Thread Group 1-23
2021-05-12 23:13:12,748 INFO o.a.j.t.JMeterThread: Thread is done: Thread Group 1-19
2021-05-12 23:13:12,749 INFO o.a.j.t.JMeterThread: Thread finished: Thread Group 1-19
2021-05-12 23:13:12,756 INFO o.a.j.t.JMeterThread: Thread started: Thread Group 1-24
2021-05-12 23:13:12,781 INFO o.a.j.t.JMeterThread: Thread is done: Thread Group 1-20
2021-05-12 23:13:12,781 INFO o.a.j.t.JMeterThread: Thread finished: Thread Group 1-20
2021-05-12 23:13:12,790 INFO o.a.j.t.JMeterThread: Thread started: Thread Group 1-25
2021-05-12 23:13:12,817 INFO o.a.j.t.JMeterThread: Thread is done: Thread Group 1-21
2021-05-12 23:13:12,817 INFO o.a.j.t.JMeterThread: Thread finished: Thread Group 1-21
2021-05-12 23:13:12,823 INFO o.a.j.t.JMeterThread: Thread started: Thread Group 1-26
2021-05-12 23:13:12,857 INFO o.a.j.t.JMeterThread: Thread started: Thread Group 1-27
2021-05-12 23:13:12,869 INFO o.a.j.t.JMeterThread: Thread is done: Thread Group 1-22
2021-05-12 23:13:12,869 INFO o.a.j.t.JMeterThread: Thread finished: Thread Group 1-22
2021-05-12 23:13:12,872 INFO o.a.j.t.JMeterThread: Thread is done: Thread Group 1-23
2021-05-12 23:13:12,872 INFO o.a.j.t.JMeterThread: Thread finished: Thread Group 1-23
2021-05-12 23:13:12,889 INFO o.a.j.t.JMeterThread: Thread started: Thread Group 1-28
2021-05-12 23:13:12,894 INFO o.a.j.t.JMeterThread: Thread is done: Thread Group 1-24
2021-05-12 23:13:12,894 INFO o.a.j.t.JMeterThread: Thread finished: Thread Group 1-24
2021-05-12 23:13:12,921 INFO o.a.j.t.JMeterThread: Thread started: Thread Group 1-29
2021-05-12 23:13:12,940 INFO o.a.j.t.JMeterThread: Thread is done: Thread Group 1-25
2021-05-12 23:13:12,940 INFO o.a.j.t.JMeterThread: Thread finished: Thread Group 1-25
2021-05-12 23:13:12,956 INFO o.a.j.t.JMeterThread: Thread started: Thread Group 1-30
2021-05-12 23:13:12,963 INFO o.a.j.t.JMeterThread: Thread is done: Thread Group 1-26
2021-05-12 23:13:12,964 INFO o.a.j.t.JMeterThread: Thread finished: Thread Group 1-26
2021-05-12 23:13:12,987 INFO o.a.j.t.JMeterThread: Thread is done: Thread Group 1-27
2021-05-12 23:13:12,988 INFO o.a.j.t.JMeterThread: Thread finished: Thread Group 1-27
2021-05-12 23:13:13,020 INFO o.a.j.t.JMeterThread: Thread is done: Thread Group 1-28
2021-05-12 23:13:13,020 INFO o.a.j.t.JMeterThread: Thread finished: Thread Group 1-28
2021-05-12 23:13:13,048 INFO o.a.j.t.JMeterThread: Thread is done: Thread Group 1-29
2021-05-12 23:13:13,048 INFO o.a.j.t.JMeterThread: Thread finished: Thread Group 1-29
2021-05-12 23:13:13,082 INFO o.a.j.t.JMeterThread: Thread is done: Thread Group 1-30
2021-05-12 23:13:13,083 INFO o.a.j.t.JMeterThread: Thread finished: Thread Group 1-30
2021-05-12 23:13:13,084 INFO o.a.j.e.StandardJMeterEngine: Notifying test listeners of end of test
2021-05-12 23:13:13,087 INFO o.a.j.r.Summariser: summary =     90 in 00:00:01 =   81.7/s Avg:    87 Min:    20 Max:   485 Err:     0 (0.00%)
